<?xml version="1.0" encoding="UTF-8"?>
<coverage generated="1621616541472" clover="3.2.0">
  <project timestamp="1621616541473" name="All files">
    <metrics statements="55" coveredstatements="43" conditionals="10" coveredconditionals="6" methods="34" coveredmethods="26" elements="99" coveredelements="75" complexity="0" loc="55" ncloc="55" packages="4" files="7" classes="7"/>
    <package name="src">
      <metrics statements="1" coveredstatements="1" conditionals="0" coveredconditionals="0" methods="0" coveredmethods="0"/>
      <file name="App.vue" path="C:\Users\BHKOLLA\Downloads\tvshow-assignment\src\App.vue">
        <metrics statements="1" coveredstatements="1" conditionals="0" coveredconditionals="0" methods="0" coveredmethods="0"/>
        <line num="8" count="1" type="stmt"/>
      </file>
    </package>
    <package name="src.Service">
      <metrics statements="4" coveredstatements="4" conditionals="0" coveredconditionals="0" methods="4" coveredmethods="4"/>
      <file name="api.js" path="C:\Users\BHKOLLA\Downloads\tvshow-assignment\src\Service\api.js">
        <metrics statements="4" coveredstatements="4" conditionals="0" coveredconditionals="0" methods="4" coveredmethods="4"/>
        <line num="3" count="1" type="stmt"/>
        <line num="6" count="1" type="stmt"/>
        <line num="9" count="1" type="stmt"/>
        <line num="15" count="1" type="stmt"/>
      </file>
    </package>
    <package name="src.components">
      <metrics statements="47" coveredstatements="35" conditionals="10" coveredconditionals="6" methods="30" coveredmethods="22"/>
      <file name="DetailsPage.vue" path="C:\Users\BHKOLLA\Downloads\tvshow-assignment\src\components\DetailsPage.vue">
        <metrics statements="18" coveredstatements="9" conditionals="6" coveredconditionals="3" methods="11" coveredmethods="5"/>
        <line num="90" count="4" type="stmt"/>
        <line num="97" count="5" type="stmt"/>
        <line num="105" count="5" type="stmt"/>
        <line num="106" count="5" type="stmt"/>
        <line num="107" count="5" type="stmt"/>
        <line num="113" count="6" type="cond" truecount="1" falsecount="1"/>
        <line num="114" count="6" type="stmt"/>
        <line num="116" count="0" type="stmt"/>
        <line num="118" count="0" type="stmt"/>
        <line num="121" count="0" type="stmt"/>
        <line num="126" count="5" type="cond" truecount="1" falsecount="1"/>
        <line num="127" count="0" type="stmt"/>
        <line num="129" count="0" type="stmt"/>
        <line num="132" count="0" type="stmt"/>
        <line num="137" count="6" type="cond" truecount="1" falsecount="1"/>
        <line num="138" count="0" type="stmt"/>
        <line num="140" count="0" type="stmt"/>
        <line num="143" count="0" type="stmt"/>
      </file>
      <file name="HomePage.vue" path="C:\Users\BHKOLLA\Downloads\tvshow-assignment\src\components\HomePage.vue">
        <metrics statements="18" coveredstatements="16" conditionals="2" coveredconditionals="1" methods="11" coveredmethods="10"/>
        <line num="70" count="4" type="stmt"/>
        <line num="75" count="5" type="stmt"/>
        <line num="84" count="5" type="stmt"/>
        <line num="89" count="6" type="stmt"/>
        <line num="91" count="6" type="stmt"/>
        <line num="92" count="6" type="stmt"/>
        <line num="93" count="6" type="cond" truecount="1" falsecount="1"/>
        <line num="94" count="0" type="stmt"/>
        <line num="98" count="6" type="stmt"/>
        <line num="99" count="6" type="stmt"/>
        <line num="100" count="6" type="stmt"/>
        <line num="101" count="18" type="stmt"/>
        <line num="104" count="6" type="stmt"/>
        <line num="105" count="6" type="stmt"/>
        <line num="106" count="36" type="stmt"/>
        <line num="109" count="18" type="stmt"/>
        <line num="113" count="0" type="stmt"/>
        <line num="118" count="1" type="stmt"/>
      </file>
      <file name="Navbar.vue" path="C:\Users\BHKOLLA\Downloads\tvshow-assignment\src\components\Navbar.vue">
        <metrics statements="2" coveredstatements="2" conditionals="0" coveredconditionals="0" methods="2" coveredmethods="2"/>
        <line num="36" count="2" type="stmt"/>
        <line num="42" count="1" type="stmt"/>
      </file>
      <file name="Search.vue" path="C:\Users\BHKOLLA\Downloads\tvshow-assignment\src\components\Search.vue">
        <metrics statements="9" coveredstatements="8" conditionals="2" coveredconditionals="2" methods="6" coveredmethods="5"/>
        <line num="44" count="4" type="stmt"/>
        <line num="49" count="5" type="stmt"/>
        <line num="56" count="5" type="stmt"/>
        <line num="61" count="7" type="cond" truecount="2" falsecount="0"/>
        <line num="62" count="2" type="stmt"/>
        <line num="64" count="5" type="stmt"/>
        <line num="66" count="5" type="stmt"/>
        <line num="69" count="0" type="stmt"/>
        <line num="74" count="1" type="stmt"/>
      </file>
    </package>
    <package name="src.router">
      <metrics statements="3" coveredstatements="3" conditionals="0" coveredconditionals="0" methods="0" coveredmethods="0"/>
      <file name="index.js" path="C:\Users\BHKOLLA\Downloads\tvshow-assignment\src\router\index.js">
        <metrics statements="3" coveredstatements="3" conditionals="0" coveredconditionals="0" methods="0" coveredmethods="0"/>
        <line num="8" count="4" type="stmt"/>
        <line num="10" count="4" type="stmt"/>
        <line num="38" count="4" type="stmt"/>
      </file>
    </package>
  </project>
</coverage>
