<?xml version="1.0" encoding="UTF-8"?>
<coverage generated="1621923604059" clover="3.2.0">
  <project timestamp="1621923604060" name="All files">
    <metrics statements="49" coveredstatements="44" conditionals="6" coveredconditionals="4" methods="30" coveredmethods="27" elements="85" coveredelements="75" complexity="0" loc="49" ncloc="49" packages="3" files="6" classes="6"/>
    <package name="Service">
      <metrics statements="5" coveredstatements="5" conditionals="0" coveredconditionals="0" methods="5" coveredmethods="5"/>
      <file name="api.js" path="C:\Users\BHKOLLA\Downloads\tvshow-assignment\src\Service\api.js">
        <metrics statements="5" coveredstatements="5" conditionals="0" coveredconditionals="0" methods="5" coveredmethods="5"/>
        <line num="3" count="1" type="stmt"/>
        <line num="6" count="1" type="stmt"/>
        <line num="9" count="8" type="stmt"/>
        <line num="12" count="8" type="stmt"/>
        <line num="15" count="8" type="stmt"/>
      </file>
    </package>
    <package name="components">
      <metrics statements="41" coveredstatements="36" conditionals="6" coveredconditionals="4" methods="25" coveredmethods="22"/>
      <file name="DetailsPage.vue" path="C:\Users\BHKOLLA\Downloads\tvshow-assignment\src\components\DetailsPage.vue">
        <metrics statements="13" coveredstatements="9" conditionals="2" coveredconditionals="1" methods="8" coveredmethods="5"/>
        <line num="86" count="4" type="stmt"/>
        <line num="93" count="6" type="stmt"/>
        <line num="102" count="6" type="cond" truecount="1" falsecount="1"/>
        <line num="103" count="6" type="stmt"/>
        <line num="104" count="6" type="stmt"/>
        <line num="105" count="6" type="stmt"/>
        <line num="108" count="0" type="stmt"/>
        <line num="114" count="7" type="stmt"/>
        <line num="116" count="0" type="stmt"/>
        <line num="120" count="7" type="stmt"/>
        <line num="122" count="0" type="stmt"/>
        <line num="126" count="7" type="stmt"/>
        <line num="128" count="0" type="stmt"/>
      </file>
      <file name="HomePage.vue" path="C:\Users\BHKOLLA\Downloads\tvshow-assignment\src\components\HomePage.vue">
        <metrics statements="18" coveredstatements="17" conditionals="2" coveredconditionals="1" methods="10" coveredmethods="10"/>
        <line num="71" count="4" type="stmt"/>
        <line num="72" count="4" type="stmt"/>
        <line num="80" count="5" type="stmt"/>
        <line num="89" count="5" type="stmt"/>
        <line num="94" count="6" type="stmt"/>
        <line num="96" count="6" type="stmt"/>
        <line num="97" count="6" type="stmt"/>
        <line num="98" count="6" type="cond" truecount="1" falsecount="1"/>
        <line num="99" count="0" type="stmt"/>
        <line num="103" count="6" type="stmt"/>
        <line num="104" count="6" type="stmt"/>
        <line num="105" count="6" type="stmt"/>
        <line num="106" count="18" type="stmt"/>
        <line num="109" count="6" type="stmt"/>
        <line num="110" count="6" type="stmt"/>
        <line num="111" count="36" type="stmt"/>
        <line num="114" count="18" type="stmt"/>
        <line num="120" count="1" type="stmt"/>
      </file>
      <file name="Navbar.vue" path="C:\Users\BHKOLLA\Downloads\tvshow-assignment\src\components\Navbar.vue">
        <metrics statements="2" coveredstatements="2" conditionals="0" coveredconditionals="0" methods="2" coveredmethods="2"/>
        <line num="35" count="2" type="stmt"/>
        <line num="41" count="1" type="stmt"/>
      </file>
      <file name="Search.vue" path="C:\Users\BHKOLLA\Downloads\tvshow-assignment\src\components\Search.vue">
        <metrics statements="8" coveredstatements="8" conditionals="2" coveredconditionals="2" methods="5" coveredmethods="5"/>
        <line num="44" count="4" type="stmt"/>
        <line num="49" count="5" type="stmt"/>
        <line num="55" count="5" type="stmt"/>
        <line num="60" count="7" type="cond" truecount="2" falsecount="0"/>
        <line num="61" count="2" type="stmt"/>
        <line num="63" count="5" type="stmt"/>
        <line num="65" count="5" type="stmt"/>
        <line num="70" count="1" type="stmt"/>
      </file>
    </package>
    <package name="router">
      <metrics statements="3" coveredstatements="3" conditionals="0" coveredconditionals="0" methods="0" coveredmethods="0"/>
      <file name="index.js" path="C:\Users\BHKOLLA\Downloads\tvshow-assignment\src\router\index.js">
        <metrics statements="3" coveredstatements="3" conditionals="0" coveredconditionals="0" methods="0" coveredmethods="0"/>
        <line num="8" count="4" type="stmt"/>
        <line num="10" count="4" type="stmt"/>
        <line num="38" count="4" type="stmt"/>
      </file>
    </package>
  </project>
</coverage>
