{"C:\\Users\\BHKOLLA\\Downloads\\tvshow-assignment\\src\\Service\\api.js": {"path":"C:\\Users\\BHKOLLA\\Downloads\\tvshow-assignment\\src\\Service\\api.js","statementMap":{"0":{"start":{"line":3,"column":2},"end":{"line":3,"column":50}},"1":{"start":{"line":6,"column":2},"end":{"line":6,"column":68}},"2":{"start":{"line":9,"column":2},"end":{"line":9,"column":67}},"3":{"start":{"line":12,"column":2},"end":{"line":12,"column":64}},"4":{"start":{"line":15,"column":2},"end":{"line":15,"column":61}}},"fnMap":{"0":{"name":"getAllShows","decl":{"start":{"line":2,"column":16},"end":{"line":2,"column":27}},"loc":{"start":{"line":2,"column":30},"end":{"line":4,"column":1}},"line":2},"1":{"name":"searchShows","decl":{"start":{"line":5,"column":16},"end":{"line":5,"column":27}},"loc":{"start":{"line":5,"column":35},"end":{"line":7,"column":1}},"line":5},"2":{"name":"getShowDetails","decl":{"start":{"line":8,"column":16},"end":{"line":8,"column":30}},"loc":{"start":{"line":8,"column":35},"end":{"line":10,"column":1}},"line":8},"3":{"name":"getShowSeason","decl":{"start":{"line":11,"column":17},"end":{"line":11,"column":30}},"loc":{"start":{"line":11,"column":35},"end":{"line":13,"column":1}},"line":11},"4":{"name":"getShowCasts","decl":{"start":{"line":14,"column":16},"end":{"line":14,"column":28}},"loc":{"start":{"line":14,"column":33},"end":{"line":16,"column":1}},"line":14}},"branchMap":{},"s":{"0":1,"1":1,"2":8,"3":8,"4":8},"f":{"0":1,"1":1,"2":8,"3":8,"4":8},"b":{},"_coverageSchema":"43e27e138ebf9cfc5966b082cf9a028302ed4184","hash":"c9c9219e8100b38f30e33df5d4c9d0539c4dad63"}
,"C:\\Users\\BHKOLLA\\Downloads\\tvshow-assignment\\src\\components\\DetailsPage.vue": {"path":"C:\\Users\\BHKOLLA\\Downloads\\tvshow-assignment\\src\\components\\DetailsPage.vue","statementMap":{"0":{"start":{"line":86,"column":0},"end":{"line":86,"column":null}},"1":{"start":{"line":93,"column":0},"end":{"line":93,"column":null}},"2":{"start":{"line":102,"column":0},"end":{"line":109,"column":null}},"3":{"start":{"line":103,"column":0},"end":{"line":103,"column":null}},"4":{"start":{"line":104,"column":0},"end":{"line":104,"column":null}},"5":{"start":{"line":105,"column":0},"end":{"line":105,"column":null}},"6":{"start":{"line":108,"column":0},"end":{"line":108,"column":null}},"7":{"start":{"line":114,"column":0},"end":{"line":117,"column":null}},"8":{"start":{"line":116,"column":0},"end":{"line":116,"column":null}},"9":{"start":{"line":120,"column":0},"end":{"line":123,"column":null}},"10":{"start":{"line":122,"column":0},"end":{"line":122,"column":null}},"11":{"start":{"line":126,"column":0},"end":{"line":129,"column":null}},"12":{"start":{"line":128,"column":0},"end":{"line":128,"column":null}}},"fnMap":{"0":{"name":"(anonymous_1)","decl":{"start":{"line":92,"column":0},"end":{"line":92,"column":null}},"loc":{"start":{"line":92,"column":0},"end":{"line":99,"column":null}}},"1":{"name":"(anonymous_2)","decl":{"start":{"line":101,"column":0},"end":{"line":101,"column":null}},"loc":{"start":{"line":101,"column":0},"end":{"line":110,"column":null}}},"2":{"name":"(anonymous_3)","decl":{"start":{"line":113,"column":0},"end":{"line":113,"column":null}},"loc":{"start":{"line":113,"column":0},"end":{"line":118,"column":null}}},"3":{"name":"(anonymous_4)","decl":{"start":{"line":114,"column":0},"end":{"line":114,"column":null}},"loc":{"start":{"line":114,"column":0},"end":{"line":117,"column":null}}},"4":{"name":"(anonymous_5)","decl":{"start":{"line":119,"column":0},"end":{"line":119,"column":null}},"loc":{"start":{"line":119,"column":0},"end":{"line":124,"column":null}}},"5":{"name":"(anonymous_6)","decl":{"start":{"line":120,"column":0},"end":{"line":120,"column":null}},"loc":{"start":{"line":120,"column":0},"end":{"line":123,"column":null}}},"6":{"name":"(anonymous_7)","decl":{"start":{"line":125,"column":0},"end":{"line":125,"column":null}},"loc":{"start":{"line":125,"column":0},"end":{"line":130,"column":null}}},"7":{"name":"(anonymous_8)","decl":{"start":{"line":126,"column":0},"end":{"line":126,"column":null}},"loc":{"start":{"line":126,"column":0},"end":{"line":129,"column":null}}}},"branchMap":{"0":{"loc":{"start":{"line":102,"column":0},"end":{"line":109,"column":null}},"type":"if","locations":[{"start":{"line":102,"column":0},"end":{"line":109,"column":null}},{"start":{"line":102,"column":0},"end":{"line":109,"column":null}}]}},"s":{"0":4,"1":6,"2":6,"3":6,"4":6,"5":6,"6":0,"7":7,"8":0,"9":7,"10":0,"11":7,"12":0},"f":{"0":6,"1":6,"2":7,"3":0,"4":7,"5":0,"6":7,"7":0},"b":{"0":[6,0]}}
,"C:\\Users\\BHKOLLA\\Downloads\\tvshow-assignment\\src\\components\\HomePage.vue": {"path":"C:\\Users\\BHKOLLA\\Downloads\\tvshow-assignment\\src\\components\\HomePage.vue","statementMap":{"0":{"start":{"line":71,"column":0},"end":{"line":71,"column":null}},"1":{"start":{"line":72,"column":0},"end":{"line":72,"column":null}},"2":{"start":{"line":80,"column":0},"end":{"line":80,"column":null}},"3":{"start":{"line":89,"column":0},"end":{"line":89,"column":null}},"4":{"start":{"line":94,"column":0},"end":{"line":116,"column":null}},"5":{"start":{"line":96,"column":0},"end":{"line":96,"column":null}},"6":{"start":{"line":97,"column":0},"end":{"line":101,"column":null}},"7":{"start":{"line":98,"column":0},"end":{"line":100,"column":null}},"8":{"start":{"line":99,"column":0},"end":{"line":99,"column":null}},"9":{"start":{"line":103,"column":0},"end":{"line":103,"column":null}},"10":{"start":{"line":104,"column":0},"end":{"line":108,"column":null}},"11":{"start":{"line":105,"column":0},"end":{"line":107,"column":null}},"12":{"start":{"line":106,"column":0},"end":{"line":106,"column":null}},"13":{"start":{"line":109,"column":0},"end":{"line":109,"column":null}},"14":{"start":{"line":110,"column":0},"end":{"line":115,"column":null}},"15":{"start":{"line":111,"column":0},"end":{"line":111,"column":null}},"16":{"start":{"line":114,"column":0},"end":{"line":114,"column":null}},"17":{"start":{"line":120,"column":0},"end":{"line":120,"column":null}}},"fnMap":{"0":{"name":"(anonymous_1)","decl":{"start":{"line":79,"column":0},"end":{"line":79,"column":null}},"loc":{"start":{"line":79,"column":0},"end":{"line":86,"column":null}}},"1":{"name":"(anonymous_2)","decl":{"start":{"line":88,"column":0},"end":{"line":88,"column":null}},"loc":{"start":{"line":88,"column":0},"end":{"line":90,"column":null}}},"2":{"name":"(anonymous_3)","decl":{"start":{"line":93,"column":0},"end":{"line":93,"column":null}},"loc":{"start":{"line":93,"column":0},"end":{"line":117,"column":null}}},"3":{"name":"(anonymous_4)","decl":{"start":{"line":94,"column":0},"end":{"line":94,"column":null}},"loc":{"start":{"line":94,"column":0},"end":{"line":116,"column":null}}},"4":{"name":"(anonymous_5)","decl":{"start":{"line":97,"column":0},"end":{"line":97,"column":null}},"loc":{"start":{"line":97,"column":0},"end":{"line":101,"column":null}}},"5":{"name":"(anonymous_6)","decl":{"start":{"line":104,"column":0},"end":{"line":104,"column":null}},"loc":{"start":{"line":104,"column":0},"end":{"line":108,"column":null}}},"6":{"name":"(anonymous_7)","decl":{"start":{"line":105,"column":0},"end":{"line":105,"column":null}},"loc":{"start":{"line":105,"column":0},"end":{"line":107,"column":null}}},"7":{"name":"(anonymous_8)","decl":{"start":{"line":110,"column":0},"end":{"line":110,"column":null}},"loc":{"start":{"line":110,"column":0},"end":{"line":115,"column":null}}},"8":{"name":"(anonymous_9)","decl":{"start":{"line":111,"column":0},"end":{"line":111,"column":null}},"loc":{"start":{"line":111,"column":0},"end":{"line":111,"column":null}}},"9":{"name":"(anonymous_11)","decl":{"start":{"line":119,"column":0},"end":{"line":119,"column":null}},"loc":{"start":{"line":119,"column":0},"end":{"line":126,"column":null}}}},"branchMap":{"0":{"loc":{"start":{"line":98,"column":0},"end":{"line":100,"column":null}},"type":"if","locations":[{"start":{"line":98,"column":0},"end":{"line":100,"column":null}},{"start":{"line":98,"column":0},"end":{"line":100,"column":null}}]}},"s":{"0":4,"1":4,"2":5,"3":5,"4":6,"5":6,"6":6,"7":6,"8":0,"9":6,"10":6,"11":6,"12":18,"13":6,"14":6,"15":36,"16":18,"17":1},"f":{"0":5,"1":5,"2":6,"3":6,"4":6,"5":6,"6":18,"7":18,"8":18,"9":1},"b":{"0":[0,6]}}
,"C:\\Users\\BHKOLLA\\Downloads\\tvshow-assignment\\src\\components\\Navbar.vue": {"path":"C:\\Users\\BHKOLLA\\Downloads\\tvshow-assignment\\src\\components\\Navbar.vue","statementMap":{"0":{"start":{"line":35,"column":0},"end":{"line":35,"column":null}},"1":{"start":{"line":41,"column":0},"end":{"line":41,"column":null}}},"fnMap":{"0":{"name":"(anonymous_1)","decl":{"start":{"line":34,"column":0},"end":{"line":34,"column":null}},"loc":{"start":{"line":34,"column":0},"end":{"line":38,"column":null}}},"1":{"name":"(anonymous_2)","decl":{"start":{"line":40,"column":0},"end":{"line":40,"column":null}},"loc":{"start":{"line":40,"column":0},"end":{"line":47,"column":null}}}},"branchMap":{},"s":{"0":2,"1":1},"f":{"0":2,"1":1},"b":{}}
,"C:\\Users\\BHKOLLA\\Downloads\\tvshow-assignment\\src\\components\\Search.vue": {"path":"C:\\Users\\BHKOLLA\\Downloads\\tvshow-assignment\\src\\components\\Search.vue","statementMap":{"0":{"start":{"line":44,"column":0},"end":{"line":44,"column":null}},"1":{"start":{"line":49,"column":0},"end":{"line":49,"column":null}},"2":{"start":{"line":55,"column":0},"end":{"line":55,"column":null}},"3":{"start":{"line":60,"column":0},"end":{"line":67,"column":null}},"4":{"start":{"line":61,"column":0},"end":{"line":61,"column":null}},"5":{"start":{"line":63,"column":0},"end":{"line":66,"column":null}},"6":{"start":{"line":65,"column":0},"end":{"line":65,"column":null}},"7":{"start":{"line":70,"column":0},"end":{"line":70,"column":null}}},"fnMap":{"0":{"name":"(anonymous_1)","decl":{"start":{"line":48,"column":0},"end":{"line":48,"column":null}},"loc":{"start":{"line":48,"column":0},"end":{"line":53,"column":null}}},"1":{"name":"(anonymous_2)","decl":{"start":{"line":54,"column":0},"end":{"line":54,"column":null}},"loc":{"start":{"line":54,"column":0},"end":{"line":56,"column":null}}},"2":{"name":"(anonymous_3)","decl":{"start":{"line":59,"column":0},"end":{"line":59,"column":null}},"loc":{"start":{"line":59,"column":0},"end":{"line":68,"column":null}}},"3":{"name":"(anonymous_4)","decl":{"start":{"line":63,"column":0},"end":{"line":63,"column":null}},"loc":{"start":{"line":63,"column":0},"end":{"line":66,"column":null}}},"4":{"name":"(anonymous_5)","decl":{"start":{"line":69,"column":0},"end":{"line":69,"column":null}},"loc":{"start":{"line":69,"column":0},"end":{"line":76,"column":null}}}},"branchMap":{"0":{"loc":{"start":{"line":60,"column":0},"end":{"line":67,"column":null}},"type":"if","locations":[{"start":{"line":60,"column":0},"end":{"line":67,"column":null}},{"start":{"line":60,"column":0},"end":{"line":67,"column":null}}]}},"s":{"0":4,"1":5,"2":5,"3":7,"4":2,"5":5,"6":5,"7":1},"f":{"0":5,"1":5,"2":7,"3":5,"4":1},"b":{"0":[2,5]}}
,"C:\\Users\\BHKOLLA\\Downloads\\tvshow-assignment\\src\\router\\index.js": {"path":"C:\\Users\\BHKOLLA\\Downloads\\tvshow-assignment\\src\\router\\index.js","statementMap":{"0":{"start":{"line":8,"column":0},"end":{"line":8,"column":18}},"1":{"start":{"line":10,"column":15},"end":{"line":36,"column":1}},"2":{"start":{"line":38,"column":15},"end":{"line":41,"column":2}}},"fnMap":{},"branchMap":{},"s":{"0":4,"1":4,"2":4},"f":{},"b":{},"_coverageSchema":"43e27e138ebf9cfc5966b082cf9a028302ed4184","hash":"828c670229b4b38f4eec29bbeecd46c1a015ff3b"}
}
