{"C:\\Users\\BHKOLLA\\Downloads\\tvshow-assignment\\src\\App.vue": {"path":"C:\\Users\\BHKOLLA\\Downloads\\tvshow-assignment\\src\\App.vue","statementMap":{"0":{"start":{"line":8,"column":0},"end":{"line":8,"column":null}}},"fnMap":{},"branchMap":{},"s":{"0":1},"f":{},"b":{}}
,"C:\\Users\\BHKOLLA\\Downloads\\tvshow-assignment\\src\\Service\\api.js": {"path":"C:\\Users\\BHKOLLA\\Downloads\\tvshow-assignment\\src\\Service\\api.js","statementMap":{"0":{"start":{"line":3,"column":4},"end":{"line":3,"column":52}},"1":{"start":{"line":6,"column":4},"end":{"line":6,"column":70}},"2":{"start":{"line":9,"column":4},"end":{"line":9,"column":69}},"3":{"start":{"line":12,"column":4},"end":{"line":12,"column":66}}},"fnMap":{"0":{"name":"getAllShows","decl":{"start":{"line":2,"column":16},"end":{"line":2,"column":27}},"loc":{"start":{"line":2,"column":30},"end":{"line":4,"column":3}},"line":2},"1":{"name":"searchShows","decl":{"start":{"line":5,"column":18},"end":{"line":5,"column":29}},"loc":{"start":{"line":5,"column":37},"end":{"line":7,"column":3}},"line":5},"2":{"name":"getShowDetails","decl":{"start":{"line":8,"column":18},"end":{"line":8,"column":32}},"loc":{"start":{"line":8,"column":37},"end":{"line":10,"column":3}},"line":8},"3":{"name":"getShowSeason","decl":{"start":{"line":11,"column":18},"end":{"line":11,"column":31}},"loc":{"start":{"line":11,"column":36},"end":{"line":13,"column":3}},"line":11}},"branchMap":{},"s":{"0":1,"1":1,"2":4,"3":4},"f":{"0":1,"1":1,"2":4,"3":4},"b":{},"_coverageSchema":"43e27e138ebf9cfc5966b082cf9a028302ed4184","hash":"b909cbb6ed3cbe47f71a3fc486481de70f1d84e1"}
,"C:\\Users\\BHKOLLA\\Downloads\\tvshow-assignment\\src\\components\\DetailsPage.vue": {"path":"C:\\Users\\BHKOLLA\\Downloads\\tvshow-assignment\\src\\components\\DetailsPage.vue","statementMap":{"0":{"start":{"line":88,"column":0},"end":{"line":88,"column":null}},"1":{"start":{"line":94,"column":0},"end":{"line":94,"column":null}},"2":{"start":{"line":102,"column":0},"end":{"line":102,"column":null}},"3":{"start":{"line":103,"column":0},"end":{"line":103,"column":null}},"4":{"start":{"line":115,"column":0},"end":{"line":119,"column":null}},"5":{"start":{"line":117,"column":0},"end":{"line":117,"column":null}},"6":{"start":{"line":118,"column":0},"end":{"line":118,"column":null}},"7":{"start":{"line":126,"column":0},"end":{"line":133,"column":null}},"8":{"start":{"line":128,"column":0},"end":{"line":128,"column":null}},"9":{"start":{"line":131,"column":0},"end":{"line":131,"column":null}}},"fnMap":{"0":{"name":"(anonymous_1)","decl":{"start":{"line":93,"column":0},"end":{"line":93,"column":null}},"loc":{"start":{"line":93,"column":0},"end":{"line":99,"column":null}}},"1":{"name":"(anonymous_2)","decl":{"start":{"line":101,"column":0},"end":{"line":101,"column":null}},"loc":{"start":{"line":101,"column":0},"end":{"line":104,"column":null}}},"2":{"name":"(anonymous_3)","decl":{"start":{"line":107,"column":0},"end":{"line":107,"column":null}},"loc":{"start":{"line":107,"column":0},"end":{"line":121,"column":null}}},"3":{"name":"(anonymous_4)","decl":{"start":{"line":115,"column":0},"end":{"line":115,"column":null}},"loc":{"start":{"line":115,"column":0},"end":{"line":119,"column":null}}},"4":{"name":"(anonymous_5)","decl":{"start":{"line":122,"column":0},"end":{"line":122,"column":null}},"loc":{"start":{"line":122,"column":0},"end":{"line":135,"column":null}}},"5":{"name":"(anonymous_6)","decl":{"start":{"line":126,"column":0},"end":{"line":126,"column":null}},"loc":{"start":{"line":126,"column":0},"end":{"line":129,"column":null}}},"6":{"name":"(anonymous_7)","decl":{"start":{"line":129,"column":0},"end":{"line":129,"column":null}},"loc":{"start":{"line":129,"column":0},"end":{"line":133,"column":null}}}},"branchMap":{},"s":{"0":4,"1":0,"2":4,"3":4,"4":4,"5":4,"6":4,"7":4,"8":4,"9":0},"f":{"0":0,"1":4,"2":4,"3":4,"4":4,"5":4,"6":0},"b":{}}
,"C:\\Users\\BHKOLLA\\Downloads\\tvshow-assignment\\src\\components\\HomePage.vue": {"path":"C:\\Users\\BHKOLLA\\Downloads\\tvshow-assignment\\src\\components\\HomePage.vue","statementMap":{"0":{"start":{"line":71,"column":0},"end":{"line":71,"column":null}},"1":{"start":{"line":76,"column":0},"end":{"line":76,"column":null}},"2":{"start":{"line":85,"column":0},"end":{"line":85,"column":null}},"3":{"start":{"line":90,"column":0},"end":{"line":135,"column":null}},"4":{"start":{"line":92,"column":0},"end":{"line":92,"column":null}},"5":{"start":{"line":93,"column":0},"end":{"line":98,"column":null}},"6":{"start":{"line":94,"column":0},"end":{"line":97,"column":null}},"7":{"start":{"line":96,"column":0},"end":{"line":96,"column":null}},"8":{"start":{"line":100,"column":0},"end":{"line":100,"column":null}},"9":{"start":{"line":101,"column":0},"end":{"line":105,"column":null}},"10":{"start":{"line":102,"column":0},"end":{"line":104,"column":null}},"11":{"start":{"line":103,"column":0},"end":{"line":103,"column":null}},"12":{"start":{"line":106,"column":0},"end":{"line":106,"column":null}},"13":{"start":{"line":126,"column":0},"end":{"line":131,"column":null}},"14":{"start":{"line":127,"column":0},"end":{"line":127,"column":null}},"15":{"start":{"line":130,"column":0},"end":{"line":130,"column":null}},"16":{"start":{"line":134,"column":0},"end":{"line":134,"column":null}},"17":{"start":{"line":149,"column":0},"end":{"line":149,"column":null}}},"fnMap":{"0":{"name":"(anonymous_1)","decl":{"start":{"line":75,"column":0},"end":{"line":75,"column":null}},"loc":{"start":{"line":75,"column":0},"end":{"line":82,"column":null}}},"1":{"name":"(anonymous_2)","decl":{"start":{"line":84,"column":0},"end":{"line":84,"column":null}},"loc":{"start":{"line":84,"column":0},"end":{"line":86,"column":null}}},"2":{"name":"(anonymous_3)","decl":{"start":{"line":89,"column":0},"end":{"line":89,"column":null}},"loc":{"start":{"line":89,"column":0},"end":{"line":137,"column":null}}},"3":{"name":"(anonymous_4)","decl":{"start":{"line":90,"column":0},"end":{"line":90,"column":null}},"loc":{"start":{"line":90,"column":0},"end":{"line":132,"column":null}}},"4":{"name":"(anonymous_5)","decl":{"start":{"line":93,"column":0},"end":{"line":93,"column":null}},"loc":{"start":{"line":93,"column":0},"end":{"line":98,"column":null}}},"5":{"name":"(anonymous_6)","decl":{"start":{"line":101,"column":0},"end":{"line":101,"column":null}},"loc":{"start":{"line":101,"column":0},"end":{"line":105,"column":null}}},"6":{"name":"(anonymous_7)","decl":{"start":{"line":102,"column":0},"end":{"line":102,"column":null}},"loc":{"start":{"line":102,"column":0},"end":{"line":104,"column":null}}},"7":{"name":"(anonymous_8)","decl":{"start":{"line":126,"column":0},"end":{"line":126,"column":null}},"loc":{"start":{"line":126,"column":0},"end":{"line":131,"column":null}}},"8":{"name":"(anonymous_9)","decl":{"start":{"line":127,"column":0},"end":{"line":127,"column":null}},"loc":{"start":{"line":127,"column":0},"end":{"line":127,"column":null}}},"9":{"name":"(anonymous_11)","decl":{"start":{"line":132,"column":0},"end":{"line":132,"column":null}},"loc":{"start":{"line":132,"column":0},"end":{"line":135,"column":null}}},"10":{"name":"(anonymous_12)","decl":{"start":{"line":148,"column":0},"end":{"line":148,"column":null}},"loc":{"start":{"line":148,"column":0},"end":{"line":155,"column":null}}}},"branchMap":{"0":{"loc":{"start":{"line":94,"column":0},"end":{"line":97,"column":null}},"type":"if","locations":[{"start":{"line":94,"column":0},"end":{"line":97,"column":null}},{"start":{"line":94,"column":0},"end":{"line":97,"column":null}}]}},"s":{"0":3,"1":5,"2":5,"3":6,"4":6,"5":6,"6":6,"7":0,"8":6,"9":6,"10":6,"11":18,"12":6,"13":6,"14":36,"15":18,"16":0,"17":1},"f":{"0":5,"1":5,"2":6,"3":6,"4":6,"5":6,"6":18,"7":18,"8":18,"9":0,"10":1},"b":{"0":[0,6]}}
,"C:\\Users\\BHKOLLA\\Downloads\\tvshow-assignment\\src\\components\\Navbar.vue": {"path":"C:\\Users\\BHKOLLA\\Downloads\\tvshow-assignment\\src\\components\\Navbar.vue","statementMap":{"0":{"start":{"line":36,"column":0},"end":{"line":36,"column":null}},"1":{"start":{"line":42,"column":0},"end":{"line":42,"column":null}}},"fnMap":{"0":{"name":"(anonymous_1)","decl":{"start":{"line":35,"column":0},"end":{"line":35,"column":null}},"loc":{"start":{"line":35,"column":0},"end":{"line":39,"column":null}}},"1":{"name":"(anonymous_2)","decl":{"start":{"line":41,"column":0},"end":{"line":41,"column":null}},"loc":{"start":{"line":41,"column":0},"end":{"line":48,"column":null}}}},"branchMap":{},"s":{"0":2,"1":1},"f":{"0":2,"1":1},"b":{}}
,"C:\\Users\\BHKOLLA\\Downloads\\tvshow-assignment\\src\\components\\Search.vue": {"path":"C:\\Users\\BHKOLLA\\Downloads\\tvshow-assignment\\src\\components\\Search.vue","statementMap":{"0":{"start":{"line":37,"column":0},"end":{"line":37,"column":null}},"1":{"start":{"line":42,"column":0},"end":{"line":42,"column":null}},"2":{"start":{"line":49,"column":0},"end":{"line":49,"column":null}},"3":{"start":{"line":61,"column":0},"end":{"line":70,"column":null}},"4":{"start":{"line":63,"column":0},"end":{"line":63,"column":null}},"5":{"start":{"line":69,"column":0},"end":{"line":69,"column":null}},"6":{"start":{"line":74,"column":0},"end":{"line":74,"column":null}}},"fnMap":{"0":{"name":"(anonymous_1)","decl":{"start":{"line":41,"column":0},"end":{"line":41,"column":null}},"loc":{"start":{"line":41,"column":0},"end":{"line":47,"column":null}}},"1":{"name":"(anonymous_2)","decl":{"start":{"line":48,"column":0},"end":{"line":48,"column":null}},"loc":{"start":{"line":48,"column":0},"end":{"line":50,"column":null}}},"2":{"name":"(anonymous_3)","decl":{"start":{"line":54,"column":0},"end":{"line":54,"column":null}},"loc":{"start":{"line":54,"column":0},"end":{"line":72,"column":null}}},"3":{"name":"(anonymous_4)","decl":{"start":{"line":61,"column":0},"end":{"line":61,"column":null}},"loc":{"start":{"line":61,"column":0},"end":{"line":67,"column":null}}},"4":{"name":"(anonymous_5)","decl":{"start":{"line":67,"column":0},"end":{"line":67,"column":null}},"loc":{"start":{"line":67,"column":0},"end":{"line":70,"column":null}}},"5":{"name":"(anonymous_6)","decl":{"start":{"line":73,"column":0},"end":{"line":73,"column":null}},"loc":{"start":{"line":73,"column":0},"end":{"line":80,"column":null}}}},"branchMap":{},"s":{"0":3,"1":3,"2":3,"3":4,"4":4,"5":0,"6":1},"f":{"0":3,"1":3,"2":4,"3":4,"4":0,"5":1},"b":{}}
,"C:\\Users\\BHKOLLA\\Downloads\\tvshow-assignment\\src\\router\\index.js": {"path":"C:\\Users\\BHKOLLA\\Downloads\\tvshow-assignment\\src\\router\\index.js","statementMap":{"0":{"start":{"line":8,"column":0},"end":{"line":8,"column":18}},"1":{"start":{"line":10,"column":15},"end":{"line":36,"column":1}},"2":{"start":{"line":38,"column":15},"end":{"line":41,"column":2}}},"fnMap":{},"branchMap":{},"s":{"0":3,"1":3,"2":3},"f":{},"b":{},"_coverageSchema":"43e27e138ebf9cfc5966b082cf9a028302ed4184","hash":"828c670229b4b38f4eec29bbeecd46c1a015ff3b"}
}
