TN:
SF:C:\Users\BHKOLLA\Downloads\tvshow-assignment\src\Service\api.js
FN:2,getAllShows
FN:5,searchShows
FN:8,getShowDetails
FN:11,getShowSeason
FN:14,getShowCasts
FNF:5
FNH:5
FNDA:1,getAllShows
FNDA:1,searchShows
FNDA:9,getShowDetails
FNDA:9,getShowSeason
FNDA:9,getShowCasts
DA:3,1
DA:6,1
DA:9,9
DA:12,9
DA:15,9
LF:5
LH:5
BRF:0
BRH:0
end_of_record
TN:
SF:C:\Users\BHKOLLA\Downloads\tvshow-assignment\src\components\DetailsPage.vue
FN:92,(anonymous_1)
FN:101,(anonymous_2)
FN:113,(anonymous_3)
FN:114,(anonymous_4)
FN:117,(anonymous_5)
FN:122,(anonymous_6)
FN:123,(anonymous_7)
FN:126,(anonymous_8)
FN:131,(anonymous_9)
FN:132,(anonymous_10)
FN:135,(anonymous_11)
FNF:11
FNH:5
FNDA:7,(anonymous_1)
FNDA:7,(anonymous_2)
FNDA:8,(anonymous_3)
FNDA:0,(anonymous_4)
FNDA:0,(anonymous_5)
FNDA:8,(anonymous_6)
FNDA:0,(anonymous_7)
FNDA:0,(anonymous_8)
FNDA:8,(anonymous_9)
FNDA:0,(anonymous_10)
FNDA:0,(anonymous_11)
DA:86,4
DA:93,7
DA:102,7
DA:103,7
DA:104,7
DA:105,7
DA:108,0
DA:114,8
DA:116,0
DA:119,0
DA:123,8
DA:125,0
DA:128,0
DA:132,8
DA:134,0
DA:137,0
LF:16
LH:9
BRDA:102,0,0,7
BRDA:102,0,1,0
BRF:2
BRH:1
end_of_record
TN:
SF:C:\Users\BHKOLLA\Downloads\tvshow-assignment\src\components\HomePage.vue
FN:79,(anonymous_1)
FN:88,(anonymous_2)
FN:93,(anonymous_3)
FN:94,(anonymous_4)
FN:97,(anonymous_5)
FN:104,(anonymous_6)
FN:105,(anonymous_7)
FN:110,(anonymous_8)
FN:111,(anonymous_9)
FN:116,(anonymous_11)
FN:122,(anonymous_12)
FNF:11
FNH:10
FNDA:5,(anonymous_1)
FNDA:5,(anonymous_2)
FNDA:6,(anonymous_3)
FNDA:6,(anonymous_4)
FNDA:6,(anonymous_5)
FNDA:6,(anonymous_6)
FNDA:18,(anonymous_7)
FNDA:18,(anonymous_8)
FNDA:18,(anonymous_9)
FNDA:0,(anonymous_11)
FNDA:1,(anonymous_12)
DA:71,4
DA:72,4
DA:80,5
DA:89,5
DA:94,6
DA:96,6
DA:97,6
DA:98,6
DA:99,0
DA:103,6
DA:104,6
DA:105,6
DA:106,18
DA:109,6
DA:110,6
DA:111,36
DA:114,18
DA:118,0
DA:123,1
LF:19
LH:17
BRDA:98,0,0,0
BRDA:98,0,1,6
BRF:2
BRH:1
end_of_record
TN:
SF:C:\Users\BHKOLLA\Downloads\tvshow-assignment\src\components\Navbar.vue
FN:34,(anonymous_1)
FN:40,(anonymous_2)
FNF:2
FNH:2
FNDA:2,(anonymous_1)
FNDA:1,(anonymous_2)
DA:35,2
DA:41,1
LF:2
LH:2
BRF:0
BRH:0
end_of_record
TN:
SF:C:\Users\BHKOLLA\Downloads\tvshow-assignment\src\components\Search.vue
FN:48,(anonymous_1)
FN:54,(anonymous_2)
FN:59,(anonymous_3)
FN:63,(anonymous_4)
FN:66,(anonymous_5)
FN:72,(anonymous_6)
FNF:6
FNH:5
FNDA:5,(anonymous_1)
FNDA:5,(anonymous_2)
FNDA:7,(anonymous_3)
FNDA:5,(anonymous_4)
FNDA:0,(anonymous_5)
FNDA:1,(anonymous_6)
DA:44,4
DA:49,5
DA:55,5
DA:60,7
DA:61,2
DA:63,5
DA:65,5
DA:68,0
DA:73,1
LF:9
LH:8
BRDA:60,0,0,2
BRDA:60,0,1,5
BRF:2
BRH:2
end_of_record
TN:
SF:C:\Users\BHKOLLA\Downloads\tvshow-assignment\src\router\index.js
FNF:0
FNH:0
DA:8,4
DA:10,4
DA:38,4
LF:3
LH:3
BRF:0
BRH:0
end_of_record
