TN:
SF:C:\Users\BHKOLLA\Downloads\tvshow-assignment\src\App.vue
FNF:0
FNH:0
DA:8,1
LF:1
LH:1
BRF:0
BRH:0
end_of_record
TN:
SF:C:\Users\BHKOLLA\Downloads\tvshow-assignment\src\Service\api.js
FN:2,getAllShows
FN:5,searchShows
FN:8,getShowDetails
FN:11,getShowSeason
FNF:4
FNH:4
FNDA:1,getAllShows
FNDA:1,searchShows
FNDA:5,getShowDetails
FNDA:4,getShowSeason
DA:3,1
DA:6,1
DA:9,5
DA:12,4
LF:4
LH:4
BRF:0
BRH:0
end_of_record
TN:
SF:C:\Users\BHKOLLA\Downloads\tvshow-assignment\src\components\DetailsPage.vue
FN:94,(anonymous_1)
FN:102,(anonymous_2)
FN:108,(anonymous_3)
FN:116,(anonymous_4)
FN:123,(anonymous_5)
FN:127,(anonymous_6)
FN:130,(anonymous_7)
FNF:7
FNH:6
FNDA:4,(anonymous_1)
FNDA:4,(anonymous_2)
FNDA:5,(anonymous_3)
FNDA:5,(anonymous_4)
FNDA:4,(anonymous_5)
FNDA:4,(anonymous_6)
FNDA:0,(anonymous_7)
DA:89,4
DA:95,4
DA:103,4
DA:104,4
DA:116,5
DA:118,5
DA:119,5
DA:127,4
DA:129,4
DA:132,0
LF:10
LH:9
BRF:0
BRH:0
end_of_record
TN:
SF:C:\Users\BHKOLLA\Downloads\tvshow-assignment\src\components\HomePage.vue
FN:73,(anonymous_1)
FN:89,(anonymous_2)
FN:94,(anonymous_3)
FN:95,(anonymous_4)
FN:99,(anonymous_5)
FN:104,(anonymous_6)
FN:116,(anonymous_7)
FN:122,(anonymous_8)
FNF:8
FNH:6
FNDA:5,(anonymous_1)
FNDA:5,(anonymous_2)
FNDA:6,(anonymous_3)
FNDA:6,(anonymous_4)
FNDA:42,(anonymous_5)
FNDA:0,(anonymous_6)
FNDA:0,(anonymous_7)
FNDA:1,(anonymous_8)
DA:69,3
DA:74,5
DA:90,5
DA:95,6
DA:96,6
DA:97,6
DA:98,42
DA:99,42
DA:100,42
DA:101,12
DA:102,0
DA:104,12
DA:105,0
DA:109,42
DA:114,42
DA:118,0
DA:123,1
LF:17
LH:14
BRDA:100,0,0,12
BRDA:100,0,1,30
BRDA:101,1,0,0
BRDA:101,1,1,12
BRF:4
BRH:3
end_of_record
TN:
SF:C:\Users\BHKOLLA\Downloads\tvshow-assignment\src\components\Navbar.vue
FN:37,(anonymous_1)
FN:43,(anonymous_2)
FNF:2
FNH:2
FNDA:2,(anonymous_1)
FNDA:1,(anonymous_2)
DA:38,2
DA:44,1
LF:2
LH:2
BRF:0
BRH:0
end_of_record
TN:
SF:C:\Users\BHKOLLA\Downloads\tvshow-assignment\src\components\Search.vue
FN:41,(anonymous_1)
FN:48,(anonymous_2)
FN:54,(anonymous_3)
FN:61,(anonymous_4)
FN:67,(anonymous_5)
FN:73,(anonymous_6)
FNF:6
FNH:5
FNDA:3,(anonymous_1)
FNDA:3,(anonymous_2)
FNDA:4,(anonymous_3)
FNDA:4,(anonymous_4)
FNDA:0,(anonymous_5)
FNDA:1,(anonymous_6)
DA:37,3
DA:42,3
DA:49,3
DA:61,4
DA:63,4
DA:69,0
DA:74,1
LF:7
LH:6
BRF:0
BRH:0
end_of_record
TN:
SF:C:\Users\BHKOLLA\Downloads\tvshow-assignment\src\router\index.js
FNF:0
FNH:0
DA:8,3
DA:10,3
DA:37,3
LF:3
LH:3
BRF:0
BRH:0
end_of_record
